[0.158s] DEBUG:colcon:Command line arguments: ['/usr/bin/colcon', 'build']
[0.159s] DEBUG:colcon:Parsed command line arguments: Namespace(log_base=None, log_level=None, verb_name='build', build_base='build', install_base='install', merge_install=False, symlink_install=False, test_result_base=None, continue_on_error=False, executor='parallel', parallel_workers=4, event_handlers=None, ignore_user_meta=False, metas=['./colcon.meta'], base_paths=['.'], packages_ignore=None, packages_ignore_regex=None, paths=None, packages_up_to=None, packages_up_to_regex=None, packages_above=None, packages_above_and_dependencies=None, packages_above_depth=None, packages_select_by_dep=None, packages_skip_by_dep=None, packages_skip_up_to=None, packages_select_build_failed=False, packages_skip_build_finished=False, packages_select_test_failures=False, packages_skip_test_passed=False, packages_select=None, packages_skip=None, packages_select_regex=None, packages_skip_regex=None, packages_start=None, packages_end=None, allow_overriding=[], cmake_args=None, cmake_target=None, cmake_target_skip_unavailable=False, cmake_clean_cache=False, cmake_clean_first=False, cmake_force_configure=False, ament_cmake_args=None, catkin_cmake_args=None, catkin_skip_building_tests=False, mixin_files=None, mixin=None, verb_parser=<colcon_mixin.mixin.mixin_argument.MixinArgumentDecorator object at 0x7152c156ca90>, verb_extension=<colcon_core.verb.build.BuildVerb object at 0x7152c156c550>, main=<bound method BuildVerb.main of <colcon_core.verb.build.BuildVerb object at 0x7152c156c550>>, mixin_verb=('build',))
[0.411s] Level 1:colcon.colcon_core.package_discovery:discover_packages(colcon_meta) check parameters
[0.411s] Level 1:colcon.colcon_core.package_discovery:discover_packages(recursive) check parameters
[0.411s] Level 1:colcon.colcon_core.package_discovery:discover_packages(ignore) check parameters
[0.411s] Level 1:colcon.colcon_core.package_discovery:discover_packages(path) check parameters
[0.411s] Level 1:colcon.colcon_core.package_discovery:discover_packages(colcon_meta) discover
[0.411s] Level 1:colcon.colcon_core.package_discovery:discover_packages(recursive) discover
[0.411s] INFO:colcon.colcon_core.package_discovery:Crawling recursively for packages in '/home/panda/Git/ros2/custom_msg_srv'
[0.411s] Level 1:colcon.colcon_core.package_identification:_identify(.) by extensions ['ignore', 'ignore_ament_install']
[0.412s] Level 1:colcon.colcon_core.package_identification:_identify(.) by extension 'ignore'
[0.412s] Level 1:colcon.colcon_core.package_identification:_identify(.) by extension 'ignore_ament_install'
[0.412s] Level 1:colcon.colcon_core.package_identification:_identify(.) by extensions ['colcon_pkg']
[0.412s] Level 1:colcon.colcon_core.package_identification:_identify(.) by extension 'colcon_pkg'
[0.412s] Level 1:colcon.colcon_core.package_identification:_identify(.) by extensions ['colcon_meta']
[0.412s] Level 1:colcon.colcon_core.package_identification:_identify(.) by extension 'colcon_meta'
[0.412s] Level 1:colcon.colcon_core.package_identification:_identify(.) by extensions ['ros']
[0.412s] Level 1:colcon.colcon_core.package_identification:_identify(.) by extension 'ros'
[0.426s] Level 1:colcon.colcon_core.package_identification:_identify(.) by extensions ['cmake', 'python']
[0.426s] Level 1:colcon.colcon_core.package_identification:_identify(.) by extension 'cmake'
[0.427s] Level 1:colcon.colcon_core.package_identification:_identify(.) by extension 'python'
[0.427s] Level 1:colcon.colcon_core.package_identification:_identify(.) by extensions ['python_setup_py']
[0.427s] Level 1:colcon.colcon_core.package_identification:_identify(.) by extension 'python_setup_py'
[0.427s] Level 1:colcon.colcon_core.package_identification:_identify(build) by extensions ['ignore', 'ignore_ament_install']
[0.427s] Level 1:colcon.colcon_core.package_identification:_identify(build) by extension 'ignore'
[0.427s] Level 1:colcon.colcon_core.package_identification:_identify(build) ignored
[0.427s] Level 1:colcon.colcon_core.package_identification:_identify(install) by extensions ['ignore', 'ignore_ament_install']
[0.427s] Level 1:colcon.colcon_core.package_identification:_identify(install) by extension 'ignore'
[0.427s] Level 1:colcon.colcon_core.package_identification:_identify(install) ignored
[0.428s] Level 1:colcon.colcon_core.package_identification:_identify(log) by extensions ['ignore', 'ignore_ament_install']
[0.428s] Level 1:colcon.colcon_core.package_identification:_identify(log) by extension 'ignore'
[0.428s] Level 1:colcon.colcon_core.package_identification:_identify(log) ignored
[0.428s] Level 1:colcon.colcon_core.package_identification:_identify(src) by extensions ['ignore', 'ignore_ament_install']
[0.428s] Level 1:colcon.colcon_core.package_identification:_identify(src) by extension 'ignore'
[0.428s] Level 1:colcon.colcon_core.package_identification:_identify(src) by extension 'ignore_ament_install'
[0.428s] Level 1:colcon.colcon_core.package_identification:_identify(src) by extensions ['colcon_pkg']
[0.428s] Level 1:colcon.colcon_core.package_identification:_identify(src) by extension 'colcon_pkg'
[0.428s] Level 1:colcon.colcon_core.package_identification:_identify(src) by extensions ['colcon_meta']
[0.428s] Level 1:colcon.colcon_core.package_identification:_identify(src) by extension 'colcon_meta'
[0.428s] Level 1:colcon.colcon_core.package_identification:_identify(src) by extensions ['ros']
[0.428s] Level 1:colcon.colcon_core.package_identification:_identify(src) by extension 'ros'
[0.428s] Level 1:colcon.colcon_core.package_identification:_identify(src) by extensions ['cmake', 'python']
[0.428s] Level 1:colcon.colcon_core.package_identification:_identify(src) by extension 'cmake'
[0.429s] Level 1:colcon.colcon_core.package_identification:_identify(src) by extension 'python'
[0.429s] Level 1:colcon.colcon_core.package_identification:_identify(src) by extensions ['python_setup_py']
[0.429s] Level 1:colcon.colcon_core.package_identification:_identify(src) by extension 'python_setup_py'
[0.429s] Level 1:colcon.colcon_core.package_identification:_identify(src/tutorial_interface) by extensions ['ignore', 'ignore_ament_install']
[0.429s] Level 1:colcon.colcon_core.package_identification:_identify(src/tutorial_interface) by extension 'ignore'
[0.429s] Level 1:colcon.colcon_core.package_identification:_identify(src/tutorial_interface) by extension 'ignore_ament_install'
[0.429s] Level 1:colcon.colcon_core.package_identification:_identify(src/tutorial_interface) by extensions ['colcon_pkg']
[0.429s] Level 1:colcon.colcon_core.package_identification:_identify(src/tutorial_interface) by extension 'colcon_pkg'
[0.429s] Level 1:colcon.colcon_core.package_identification:_identify(src/tutorial_interface) by extensions ['colcon_meta']
[0.429s] Level 1:colcon.colcon_core.package_identification:_identify(src/tutorial_interface) by extension 'colcon_meta'
[0.429s] Level 1:colcon.colcon_core.package_identification:_identify(src/tutorial_interface) by extensions ['ros']
[0.429s] Level 1:colcon.colcon_core.package_identification:_identify(src/tutorial_interface) by extension 'ros'
[0.433s] DEBUG:colcon.colcon_core.package_identification:Package 'src/tutorial_interface' with type 'ros.ament_cmake' and name 'tutorial_interface'
[0.433s] Level 1:colcon.colcon_core.package_discovery:discover_packages(recursive) using defaults
[0.433s] Level 1:colcon.colcon_core.package_discovery:discover_packages(ignore) discover
[0.433s] Level 1:colcon.colcon_core.package_discovery:discover_packages(ignore) using defaults
[0.433s] Level 1:colcon.colcon_core.package_discovery:discover_packages(path) discover
[0.433s] Level 1:colcon.colcon_core.package_discovery:discover_packages(path) using defaults
[0.461s] Level 1:colcon.colcon_core.package_discovery:discover_packages(prefix_path) check parameters
[0.461s] Level 1:colcon.colcon_core.package_discovery:discover_packages(prefix_path) discover
[0.464s] DEBUG:colcon.colcon_installed_package_information.package_discovery:Found 271 installed packages in /opt/ros/humble
[0.482s] Level 1:colcon.colcon_core.package_discovery:discover_packages(prefix_path) using defaults
[0.543s] Level 5:colcon.colcon_core.verb:set package 'tutorial_interface' build argument 'cmake_args' from command line to 'None'
[0.543s] Level 5:colcon.colcon_core.verb:set package 'tutorial_interface' build argument 'cmake_target' from command line to 'None'
[0.543s] Level 5:colcon.colcon_core.verb:set package 'tutorial_interface' build argument 'cmake_target_skip_unavailable' from command line to 'False'
[0.543s] Level 5:colcon.colcon_core.verb:set package 'tutorial_interface' build argument 'cmake_clean_cache' from command line to 'False'
[0.543s] Level 5:colcon.colcon_core.verb:set package 'tutorial_interface' build argument 'cmake_clean_first' from command line to 'False'
[0.543s] Level 5:colcon.colcon_core.verb:set package 'tutorial_interface' build argument 'cmake_force_configure' from command line to 'False'
[0.543s] Level 5:colcon.colcon_core.verb:set package 'tutorial_interface' build argument 'ament_cmake_args' from command line to 'None'
[0.543s] Level 5:colcon.colcon_core.verb:set package 'tutorial_interface' build argument 'catkin_cmake_args' from command line to 'None'
[0.543s] Level 5:colcon.colcon_core.verb:set package 'tutorial_interface' build argument 'catkin_skip_building_tests' from command line to 'False'
[0.543s] DEBUG:colcon.colcon_core.verb:Building package 'tutorial_interface' with the following arguments: {'ament_cmake_args': None, 'build_base': '/home/panda/Git/ros2/custom_msg_srv/build/tutorial_interface', 'catkin_cmake_args': None, 'catkin_skip_building_tests': False, 'cmake_args': None, 'cmake_clean_cache': False, 'cmake_clean_first': False, 'cmake_force_configure': False, 'cmake_target': None, 'cmake_target_skip_unavailable': False, 'install_base': '/home/panda/Git/ros2/custom_msg_srv/install/tutorial_interface', 'merge_install': False, 'path': '/home/panda/Git/ros2/custom_msg_srv/src/tutorial_interface', 'symlink_install': False, 'test_result_base': None}
[0.543s] INFO:colcon.colcon_core.executor:Executing jobs using 'parallel' executor
[0.545s] DEBUG:colcon.colcon_parallel_executor.executor.parallel:run_until_complete
[0.545s] INFO:colcon.colcon_ros.task.ament_cmake.build:Building ROS package in '/home/panda/Git/ros2/custom_msg_srv/src/tutorial_interface' with build type 'ament_cmake'
[0.545s] INFO:colcon.colcon_cmake.task.cmake.build:Building CMake package in '/home/panda/Git/ros2/custom_msg_srv/src/tutorial_interface'
[0.549s] INFO:colcon.colcon_core.plugin_system:Skipping extension 'colcon_core.shell.bat': Not used on non-Windows systems
[0.549s] INFO:colcon.colcon_core.shell:Skip shell extension 'powershell' for command environment: Not usable outside of PowerShell
[0.549s] DEBUG:colcon.colcon_core.shell:Skip shell extension 'dsv' for command environment
[0.559s] DEBUG:colcon.colcon_core.event_handler.log_command:Invoking command in '/home/panda/Git/ros2/custom_msg_srv/build/tutorial_interface': CMAKE_PREFIX_PATH=/opt/ros/humble /usr/bin/cmake /home/panda/Git/ros2/custom_msg_srv/src/tutorial_interface -DCMAKE_INSTALL_PREFIX=/home/panda/Git/ros2/custom_msg_srv/install/tutorial_interface
[3.878s] DEBUG:colcon.colcon_core.event_handler.log_command:Invoked command in '/home/panda/Git/ros2/custom_msg_srv/build/tutorial_interface' returned '0': CMAKE_PREFIX_PATH=/opt/ros/humble /usr/bin/cmake /home/panda/Git/ros2/custom_msg_srv/src/tutorial_interface -DCMAKE_INSTALL_PREFIX=/home/panda/Git/ros2/custom_msg_srv/install/tutorial_interface
[3.882s] DEBUG:colcon.colcon_core.event_handler.log_command:Invoking command in '/home/panda/Git/ros2/custom_msg_srv/build/tutorial_interface': CMAKE_PREFIX_PATH=/opt/ros/humble /usr/bin/cmake --build /home/panda/Git/ros2/custom_msg_srv/build/tutorial_interface -- -j4 -l4
[12.541s] DEBUG:colcon.colcon_core.event_handler.log_command:Invoked command in '/home/panda/Git/ros2/custom_msg_srv/build/tutorial_interface' returned '0': CMAKE_PREFIX_PATH=/opt/ros/humble /usr/bin/cmake --build /home/panda/Git/ros2/custom_msg_srv/build/tutorial_interface -- -j4 -l4
[12.559s] DEBUG:colcon.colcon_core.event_handler.log_command:Invoking command in '/home/panda/Git/ros2/custom_msg_srv/build/tutorial_interface': CMAKE_PREFIX_PATH=/opt/ros/humble /usr/bin/cmake --install /home/panda/Git/ros2/custom_msg_srv/build/tutorial_interface
[12.716s] Level 1:colcon.colcon_core.environment:create_environment_scripts_only(tutorial_interface)
[12.718s] DEBUG:colcon.colcon_core.event_handler.log_command:Invoked command in '/home/panda/Git/ros2/custom_msg_srv/build/tutorial_interface' returned '0': CMAKE_PREFIX_PATH=/opt/ros/humble /usr/bin/cmake --install /home/panda/Git/ros2/custom_msg_srv/build/tutorial_interface
[12.728s] Level 1:colcon.colcon_core.environment:checking '/home/panda/Git/ros2/custom_msg_srv/install/tutorial_interface' for CMake module files
[12.732s] Level 1:colcon.colcon_core.environment:checking '/home/panda/Git/ros2/custom_msg_srv/install/tutorial_interface' for CMake config files
[12.735s] Level 1:colcon.colcon_core.shell:create_environment_hook('tutorial_interface', 'cmake_prefix_path')
[12.736s] INFO:colcon.colcon_core.shell:Creating environment hook '/home/panda/Git/ros2/custom_msg_srv/install/tutorial_interface/share/tutorial_interface/hook/cmake_prefix_path.ps1'
[12.747s] INFO:colcon.colcon_core.shell:Creating environment descriptor '/home/panda/Git/ros2/custom_msg_srv/install/tutorial_interface/share/tutorial_interface/hook/cmake_prefix_path.dsv'
[12.762s] INFO:colcon.colcon_core.shell:Creating environment hook '/home/panda/Git/ros2/custom_msg_srv/install/tutorial_interface/share/tutorial_interface/hook/cmake_prefix_path.sh'
[12.767s] Level 1:colcon.colcon_core.environment:checking '/home/panda/Git/ros2/custom_msg_srv/install/tutorial_interface/lib'
[12.768s] Level 1:colcon.colcon_core.shell:create_environment_hook('tutorial_interface', 'ld_library_path_lib')
[12.770s] INFO:colcon.colcon_core.shell:Creating environment hook '/home/panda/Git/ros2/custom_msg_srv/install/tutorial_interface/share/tutorial_interface/hook/ld_library_path_lib.ps1'
[12.771s] INFO:colcon.colcon_core.shell:Creating environment descriptor '/home/panda/Git/ros2/custom_msg_srv/install/tutorial_interface/share/tutorial_interface/hook/ld_library_path_lib.dsv'
[12.773s] INFO:colcon.colcon_core.shell:Creating environment hook '/home/panda/Git/ros2/custom_msg_srv/install/tutorial_interface/share/tutorial_interface/hook/ld_library_path_lib.sh'
[12.775s] Level 1:colcon.colcon_core.environment:checking '/home/panda/Git/ros2/custom_msg_srv/install/tutorial_interface/bin'
[12.775s] Level 1:colcon.colcon_core.environment:checking '/home/panda/Git/ros2/custom_msg_srv/install/tutorial_interface/lib/pkgconfig/tutorial_interface.pc'
[12.777s] Level 1:colcon.colcon_core.environment:checking '/home/panda/Git/ros2/custom_msg_srv/install/tutorial_interface/lib/python3.10/site-packages'
[12.778s] Level 1:colcon.colcon_core.environment:checking '/home/panda/Git/ros2/custom_msg_srv/install/tutorial_interface/bin'
[12.779s] INFO:colcon.colcon_core.shell:Creating package script '/home/panda/Git/ros2/custom_msg_srv/install/tutorial_interface/share/tutorial_interface/package.ps1'
[12.784s] INFO:colcon.colcon_core.shell:Creating package descriptor '/home/panda/Git/ros2/custom_msg_srv/install/tutorial_interface/share/tutorial_interface/package.dsv'
[12.787s] INFO:colcon.colcon_core.shell:Creating package script '/home/panda/Git/ros2/custom_msg_srv/install/tutorial_interface/share/tutorial_interface/package.sh'
[12.790s] INFO:colcon.colcon_core.shell:Creating package script '/home/panda/Git/ros2/custom_msg_srv/install/tutorial_interface/share/tutorial_interface/package.bash'
[12.794s] INFO:colcon.colcon_core.shell:Creating package script '/home/panda/Git/ros2/custom_msg_srv/install/tutorial_interface/share/tutorial_interface/package.zsh'
[12.796s] Level 1:colcon.colcon_core.environment:create_file_with_runtime_dependencies(/home/panda/Git/ros2/custom_msg_srv/install/tutorial_interface/share/colcon-core/packages/tutorial_interface)
[12.799s] Level 1:colcon.colcon_core.environment:create_environment_scripts_only(tutorial_interface)
[12.799s] Level 1:colcon.colcon_core.environment:checking '/home/panda/Git/ros2/custom_msg_srv/install/tutorial_interface' for CMake module files
[12.802s] Level 1:colcon.colcon_core.environment:checking '/home/panda/Git/ros2/custom_msg_srv/install/tutorial_interface' for CMake config files
[12.804s] Level 1:colcon.colcon_core.shell:create_environment_hook('tutorial_interface', 'cmake_prefix_path')
[12.804s] INFO:colcon.colcon_core.shell:Creating environment hook '/home/panda/Git/ros2/custom_msg_srv/install/tutorial_interface/share/tutorial_interface/hook/cmake_prefix_path.ps1'
[12.806s] INFO:colcon.colcon_core.shell:Creating environment descriptor '/home/panda/Git/ros2/custom_msg_srv/install/tutorial_interface/share/tutorial_interface/hook/cmake_prefix_path.dsv'
[12.808s] INFO:colcon.colcon_core.shell:Creating environment hook '/home/panda/Git/ros2/custom_msg_srv/install/tutorial_interface/share/tutorial_interface/hook/cmake_prefix_path.sh'
[12.809s] Level 1:colcon.colcon_core.environment:checking '/home/panda/Git/ros2/custom_msg_srv/install/tutorial_interface/lib'
[12.810s] Level 1:colcon.colcon_core.shell:create_environment_hook('tutorial_interface', 'ld_library_path_lib')
[12.811s] INFO:colcon.colcon_core.shell:Creating environment hook '/home/panda/Git/ros2/custom_msg_srv/install/tutorial_interface/share/tutorial_interface/hook/ld_library_path_lib.ps1'
[12.812s] INFO:colcon.colcon_core.shell:Creating environment descriptor '/home/panda/Git/ros2/custom_msg_srv/install/tutorial_interface/share/tutorial_interface/hook/ld_library_path_lib.dsv'
[12.813s] INFO:colcon.colcon_core.shell:Creating environment hook '/home/panda/Git/ros2/custom_msg_srv/install/tutorial_interface/share/tutorial_interface/hook/ld_library_path_lib.sh'
[12.815s] Level 1:colcon.colcon_core.environment:checking '/home/panda/Git/ros2/custom_msg_srv/install/tutorial_interface/bin'
[12.815s] Level 1:colcon.colcon_core.environment:checking '/home/panda/Git/ros2/custom_msg_srv/install/tutorial_interface/lib/pkgconfig/tutorial_interface.pc'
[12.816s] Level 1:colcon.colcon_core.environment:checking '/home/panda/Git/ros2/custom_msg_srv/install/tutorial_interface/lib/python3.10/site-packages'
[12.816s] Level 1:colcon.colcon_core.environment:checking '/home/panda/Git/ros2/custom_msg_srv/install/tutorial_interface/bin'
[12.817s] INFO:colcon.colcon_core.shell:Creating package script '/home/panda/Git/ros2/custom_msg_srv/install/tutorial_interface/share/tutorial_interface/package.ps1'
[12.819s] INFO:colcon.colcon_core.shell:Creating package descriptor '/home/panda/Git/ros2/custom_msg_srv/install/tutorial_interface/share/tutorial_interface/package.dsv'
[12.821s] INFO:colcon.colcon_core.shell:Creating package script '/home/panda/Git/ros2/custom_msg_srv/install/tutorial_interface/share/tutorial_interface/package.sh'
[12.822s] INFO:colcon.colcon_core.shell:Creating package script '/home/panda/Git/ros2/custom_msg_srv/install/tutorial_interface/share/tutorial_interface/package.bash'
[12.824s] INFO:colcon.colcon_core.shell:Creating package script '/home/panda/Git/ros2/custom_msg_srv/install/tutorial_interface/share/tutorial_interface/package.zsh'
[12.825s] Level 1:colcon.colcon_core.environment:create_file_with_runtime_dependencies(/home/panda/Git/ros2/custom_msg_srv/install/tutorial_interface/share/colcon-core/packages/tutorial_interface)
[12.826s] DEBUG:colcon.colcon_parallel_executor.executor.parallel:closing loop
[12.827s] DEBUG:colcon.colcon_parallel_executor.executor.parallel:loop closed
[12.828s] DEBUG:colcon.colcon_parallel_executor.executor.parallel:run_until_complete finished with '0'
[12.829s] DEBUG:colcon.colcon_core.event_reactor:joining thread
[12.856s] INFO:colcon.colcon_core.plugin_system:Skipping extension 'colcon_notification.desktop_notification.terminal_notifier': Not used on non-Darwin systems
[12.856s] INFO:colcon.colcon_core.plugin_system:Skipping extension 'colcon_notification.desktop_notification.win32': Not used on non-Windows systems
[12.857s] INFO:colcon.colcon_notification.desktop_notification:Sending desktop notification using 'notify2'
[12.883s] DEBUG:colcon.colcon_core.event_reactor:joined thread
[12.883s] INFO:colcon.colcon_core.shell:Creating prefix script '/home/panda/Git/ros2/custom_msg_srv/install/local_setup.ps1'
[12.886s] INFO:colcon.colcon_core.shell:Creating prefix util module '/home/panda/Git/ros2/custom_msg_srv/install/_local_setup_util_ps1.py'
[12.889s] INFO:colcon.colcon_core.shell:Creating prefix chain script '/home/panda/Git/ros2/custom_msg_srv/install/setup.ps1'
[12.891s] INFO:colcon.colcon_core.shell:Creating prefix script '/home/panda/Git/ros2/custom_msg_srv/install/local_setup.sh'
[12.892s] INFO:colcon.colcon_core.shell:Creating prefix util module '/home/panda/Git/ros2/custom_msg_srv/install/_local_setup_util_sh.py'
[12.893s] INFO:colcon.colcon_core.shell:Creating prefix chain script '/home/panda/Git/ros2/custom_msg_srv/install/setup.sh'
[12.894s] INFO:colcon.colcon_core.shell:Creating prefix script '/home/panda/Git/ros2/custom_msg_srv/install/local_setup.bash'
[12.895s] INFO:colcon.colcon_core.shell:Creating prefix chain script '/home/panda/Git/ros2/custom_msg_srv/install/setup.bash'
[12.896s] INFO:colcon.colcon_core.shell:Creating prefix script '/home/panda/Git/ros2/custom_msg_srv/install/local_setup.zsh'
[12.897s] INFO:colcon.colcon_core.shell:Creating prefix chain script '/home/panda/Git/ros2/custom_msg_srv/install/setup.zsh'
