[0.031s] Invoking command in '/home/panda/Git/ros2/custom_msg_srv/build/tutorial_interface': CMAKE_PREFIX_PATH=/opt/ros/humble /usr/bin/cmake /home/panda/Git/ros2/custom_msg_srv/src/tutorial_interface -DCMAKE_INSTALL_PREFIX=/home/panda/Git/ros2/custom_msg_srv/install/tutorial_interface
[1.467s] -- The C compiler identification is GNU 11.4.0
[2.119s] -- The CXX compiler identification is GNU 11.4.0
[2.156s] -- Detecting C compiler ABI info
[2.482s] -- Detecting C compiler ABI info - done
[2.497s] -- Check for working C compiler: /usr/bin/cc - skipped
[2.498s] -- Detecting C compile features
[2.522s] -- Detecting C compile features - done
[2.534s] -- Detecting CXX compiler ABI info
[2.705s] -- Detecting CXX compiler ABI info - done
[2.721s] -- Check for working CXX compiler: /usr/bin/c++ - skipped
[2.721s] -- Detecting CXX compile features
[2.722s] -- Detecting CXX compile features - done
[2.859s] -- Found ament_cmake: 1.3.11 (/opt/ros/humble/share/ament_cmake/cmake)
[3.273s] -- Found Python3: /usr/bin/python3 (found version "3.10.12") found components: Interpreter 
[3.584s] -- Found geometry_msgs: 4.2.4 (/opt/ros/humble/share/geometry_msgs/cmake)
[3.832s] -- Found rosidl_generator_c: 3.1.6 (/opt/ros/humble/share/rosidl_generator_c/cmake)
[3.866s] -- Found rosidl_adapter: 3.1.6 (/opt/ros/humble/share/rosidl_adapter/cmake)
[3.892s] -- Found rosidl_generator_cpp: 3.1.6 (/opt/ros/humble/share/rosidl_generator_cpp/cmake)
[3.924s] -- Using all available rosidl_typesupport_c: rosidl_typesupport_fastrtps_c;rosidl_typesupport_introspection_c
[3.972s] -- Using all available rosidl_typesupport_cpp: rosidl_typesupport_fastrtps_cpp;rosidl_typesupport_introspection_cpp
[4.113s] -- Found rosidl_default_generators: 1.2.0 (/opt/ros/humble/share/rosidl_default_generators/cmake)
[4.152s] [31mCMake Error at CMakeLists.txt:15 (rosidl_default_interfaces):
[4.153s]   Unknown CMake command "rosidl_default_interfaces".
[4.153s] 
[4.153s] [0m
[4.154s] -- Configuring incomplete, errors occurred!
[4.154s] See also "/home/panda/Git/ros2/custom_msg_srv/build/tutorial_interface/CMakeFiles/CMakeOutput.log".
[4.169s] Invoked command in '/home/panda/Git/ros2/custom_msg_srv/build/tutorial_interface' returned '1': CMAKE_PREFIX_PATH=/opt/ros/humble /usr/bin/cmake /home/panda/Git/ros2/custom_msg_srv/src/tutorial_interface -DCMAKE_INSTALL_PREFIX=/home/panda/Git/ros2/custom_msg_srv/install/tutorial_interface
