[0.012s] Invoking command in '/home/panda/Git/ros2/custom_msg_srv/build/tutorial_interface': CMAKE_PREFIX_PATH=/opt/ros/humble /usr/bin/cmake /home/panda/Git/ros2/custom_msg_srv/src/tutorial_interface -DCMAKE_INSTALL_PREFIX=/home/panda/Git/ros2/custom_msg_srv/install/tutorial_interface
[0.031s] -- Found ament_cmake: 1.3.11 (/opt/ros/humble/share/ament_cmake/cmake)
[0.238s] -- Found geometry_msgs: 4.2.4 (/opt/ros/humble/share/geometry_msgs/cmake)
[0.295s] -- Found rosidl_generator_c: 3.1.6 (/opt/ros/humble/share/rosidl_generator_c/cmake)
[0.299s] -- Found rosidl_adapter: 3.1.6 (/opt/ros/humble/share/rosidl_adapter/cmake)
[0.309s] -- Found rosidl_generator_cpp: 3.1.6 (/opt/ros/humble/share/rosidl_generator_cpp/cmake)
[0.324s] -- Using all available rosidl_typesupport_c: rosidl_typesupport_fastrtps_c;rosidl_typesupport_introspection_c
[0.345s] -- Using all available rosidl_typesupport_cpp: rosidl_typesupport_fastrtps_cpp;rosidl_typesupport_introspection_cpp
[0.398s] -- Found rosidl_default_generators: 1.2.0 (/opt/ros/humble/share/rosidl_default_generators/cmake)
[1.127s] -- Found ament_cmake_ros: 0.10.0 (/opt/ros/humble/share/ament_cmake_ros/cmake)
[2.196s] -- Using all available rosidl_typesupport_c: rosidl_typesupport_fastrtps_c;rosidl_typesupport_introspection_c
[2.585s] -- Using all available rosidl_typesupport_cpp: rosidl_typesupport_fastrtps_cpp;rosidl_typesupport_introspection_cpp
[2.647s] -- Found PythonInterp: /usr/bin/python3 (found suitable version "3.10.12", minimum required is "3.6") 
[2.670s] -- Found python_cmake_module: 0.10.0 (/opt/ros/humble/share/python_cmake_module/cmake)
[2.831s] -- Found PythonLibs: /usr/lib/x86_64-linux-gnu/libpython3.10.so (found suitable version "3.10.12", minimum required is "3.5") 
[2.832s] -- Using PYTHON_EXECUTABLE: /usr/bin/python3
[2.833s] -- Using PYTHON_INCLUDE_DIRS: /usr/include/python3.10
[2.833s] -- Using PYTHON_LIBRARIES: /usr/lib/x86_64-linux-gnu/libpython3.10.so
[2.874s] -- Found PythonExtra: .so  
[3.106s] -- Found ament_lint_auto: 0.12.11 (/opt/ros/humble/share/ament_lint_auto/cmake)
[3.242s] -- Added test 'lint_cmake' to check CMake code style
[3.245s] -- Added test 'xmllint' to check XML markup files
[3.252s] -- Configuring done
[3.304s] -- Generating done
[3.320s] -- Build files have been written to: /home/panda/Git/ros2/custom_msg_srv/build/tutorial_interface
[3.331s] Invoked command in '/home/panda/Git/ros2/custom_msg_srv/build/tutorial_interface' returned '0': CMAKE_PREFIX_PATH=/opt/ros/humble /usr/bin/cmake /home/panda/Git/ros2/custom_msg_srv/src/tutorial_interface -DCMAKE_INSTALL_PREFIX=/home/panda/Git/ros2/custom_msg_srv/install/tutorial_interface
[3.336s] Invoking command in '/home/panda/Git/ros2/custom_msg_srv/build/tutorial_interface': CMAKE_PREFIX_PATH=/opt/ros/humble /usr/bin/cmake --build /home/panda/Git/ros2/custom_msg_srv/build/tutorial_interface -- -j4 -l4
[3.407s] [  2%] [34m[1mGenerating C code for ROS interfaces[0m
[3.421s] [  4%] [34m[1mGenerating C++ code for ROS interfaces[0m
[3.437s] [  4%] Built target ament_cmake_python_copy_tutorial_interface
[4.132s] running egg_info
[4.132s] creating tutorial_interface.egg-info
[4.133s] writing tutorial_interface.egg-info/PKG-INFO
[4.133s] writing dependency_links to tutorial_interface.egg-info/dependency_links.txt
[4.134s] writing top-level names to tutorial_interface.egg-info/top_level.txt
[4.134s] writing manifest file 'tutorial_interface.egg-info/SOURCES.txt'
[4.151s] reading manifest file 'tutorial_interface.egg-info/SOURCES.txt'
[4.152s] writing manifest file 'tutorial_interface.egg-info/SOURCES.txt'
[4.173s] [  4%] Built target tutorial_interface__cpp
[4.197s] [  6%] [34m[1mGenerating C++ type support for eProsima Fast-RTPS[0m
[4.198s] [  8%] [34m[1mGenerating C++ type support dispatch for ROS interfaces[0m
[4.216s] [  8%] Built target ament_cmake_python_build_tutorial_interface_egg
[4.238s] [ 10%] [34m[1mGenerating C++ introspection for ROS interfaces[0m
[4.696s] [ 12%] [32mBuilding C object CMakeFiles/tutorial_interface__rosidl_generator_c.dir/rosidl_generator_c/tutorial_interface/msg/detail/num__functions.c.o[0m
[5.032s] [ 14%] [32mBuilding CXX object CMakeFiles/tutorial_interface__rosidl_typesupport_cpp.dir/rosidl_typesupport_cpp/tutorial_interface/msg/num__type_support.cpp.o[0m
[5.062s] [ 17%] [32mBuilding CXX object CMakeFiles/tutorial_interface__rosidl_typesupport_introspection_cpp.dir/rosidl_typesupport_introspection_cpp/tutorial_interface/msg/detail/num__type_support.cpp.o[0m
[5.086s] [ 19%] [32mBuilding C object CMakeFiles/tutorial_interface__rosidl_generator_c.dir/rosidl_generator_c/tutorial_interface/msg/detail/sphere__functions.c.o[0m
[5.166s] [ 21%] [32mBuilding CXX object CMakeFiles/tutorial_interface__rosidl_typesupport_fastrtps_cpp.dir/rosidl_typesupport_fastrtps_cpp/tutorial_interface/msg/detail/dds_fastrtps/num__type_support.cpp.o[0m
[5.266s] [ 23%] [32mBuilding C object CMakeFiles/tutorial_interface__rosidl_generator_c.dir/rosidl_generator_c/tutorial_interface/srv/detail/add_three_ints__functions.c.o[0m
[5.357s] [ 25%] [32m[1mLinking C shared library libtutorial_interface__rosidl_generator_c.so[0m
[5.584s] [ 25%] Built target tutorial_interface__rosidl_generator_c
[5.596s] [ 27%] [32mBuilding CXX object CMakeFiles/tutorial_interface__rosidl_typesupport_fastrtps_cpp.dir/rosidl_typesupport_fastrtps_cpp/tutorial_interface/msg/detail/dds_fastrtps/sphere__type_support.cpp.o[0m
[6.598s] [ 29%] [32mBuilding CXX object CMakeFiles/tutorial_interface__rosidl_typesupport_cpp.dir/rosidl_typesupport_cpp/tutorial_interface/msg/sphere__type_support.cpp.o[0m
[6.923s] [ 34%] [32mBuilding CXX object CMakeFiles/tutorial_interface__rosidl_typesupport_fastrtps_cpp.dir/rosidl_typesupport_fastrtps_cpp/tutorial_interface/srv/detail/dds_fastrtps/add_three_ints__type_support.cpp.o[0m
[6.923s] [ 34%] [32mBuilding CXX object CMakeFiles/tutorial_interface__rosidl_typesupport_cpp.dir/rosidl_typesupport_cpp/tutorial_interface/srv/add_three_ints__type_support.cpp.o[0m
[6.927s] [ 36%] [32mBuilding CXX object CMakeFiles/tutorial_interface__rosidl_typesupport_introspection_cpp.dir/rosidl_typesupport_introspection_cpp/tutorial_interface/msg/detail/sphere__type_support.cpp.o[0m
[7.349s] [ 38%] [32mBuilding CXX object CMakeFiles/tutorial_interface__rosidl_typesupport_introspection_cpp.dir/rosidl_typesupport_introspection_cpp/tutorial_interface/srv/detail/add_three_ints__type_support.cpp.o[0m
[7.665s] [ 40%] [32m[1mLinking CXX shared library libtutorial_interface__rosidl_typesupport_cpp.so[0m
[7.804s] [ 40%] Built target tutorial_interface__rosidl_typesupport_cpp
[7.825s] [ 42%] [34m[1mGenerating C type support for eProsima Fast-RTPS[0m
[7.990s] [ 44%] [34m[1mGenerating C introspection for ROS interfaces[0m
[8.104s] [ 46%] [32m[1mLinking CXX shared library libtutorial_interface__rosidl_typesupport_fastrtps_cpp.so[0m
[8.352s] [ 46%] Built target tutorial_interface__rosidl_typesupport_fastrtps_cpp
[8.373s] [ 48%] [34m[1mGenerating C type support dispatch for ROS interfaces[0m
[8.398s] [ 51%] [32m[1mLinking CXX shared library libtutorial_interface__rosidl_typesupport_introspection_cpp.so[0m
[8.555s] [ 51%] Built target tutorial_interface__rosidl_typesupport_introspection_cpp
[8.807s] [ 53%] [32mBuilding C object CMakeFiles/tutorial_interface__rosidl_typesupport_introspection_c.dir/rosidl_typesupport_introspection_c/tutorial_interface/msg/detail/num__type_support.c.o[0m
[8.813s] [ 55%] [32mBuilding C object CMakeFiles/tutorial_interface__rosidl_typesupport_introspection_c.dir/rosidl_typesupport_introspection_c/tutorial_interface/msg/detail/sphere__type_support.c.o[0m
[8.872s] [ 57%] [32mBuilding C object CMakeFiles/tutorial_interface__rosidl_typesupport_introspection_c.dir/rosidl_typesupport_introspection_c/tutorial_interface/srv/detail/add_three_ints__type_support.c.o[0m
[8.888s] [ 59%] [32mBuilding CXX object CMakeFiles/tutorial_interface__rosidl_typesupport_fastrtps_c.dir/rosidl_typesupport_fastrtps_c/tutorial_interface/msg/detail/num__type_support_c.cpp.o[0m
[8.912s] [ 61%] [32mBuilding CXX object CMakeFiles/tutorial_interface__rosidl_typesupport_fastrtps_c.dir/rosidl_typesupport_fastrtps_c/tutorial_interface/msg/detail/sphere__type_support_c.cpp.o[0m
[8.953s] [ 63%] [32m[1mLinking C shared library libtutorial_interface__rosidl_typesupport_introspection_c.so[0m
[9.025s] [ 63%] Built target tutorial_interface__rosidl_typesupport_introspection_c
[9.045s] [ 65%] [32mBuilding CXX object CMakeFiles/tutorial_interface__rosidl_typesupport_fastrtps_c.dir/rosidl_typesupport_fastrtps_c/tutorial_interface/srv/detail/add_three_ints__type_support_c.cpp.o[0m
[9.211s] [ 68%] [32mBuilding CXX object CMakeFiles/tutorial_interface__rosidl_typesupport_c.dir/rosidl_typesupport_c/tutorial_interface/msg/num__type_support.cpp.o[0m
[9.279s] [ 70%] [32mBuilding CXX object CMakeFiles/tutorial_interface__rosidl_typesupport_c.dir/rosidl_typesupport_c/tutorial_interface/msg/sphere__type_support.cpp.o[0m
[9.345s] [ 72%] [32mBuilding CXX object CMakeFiles/tutorial_interface__rosidl_typesupport_c.dir/rosidl_typesupport_c/tutorial_interface/srv/add_three_ints__type_support.cpp.o[0m
[9.415s] [ 74%] [32m[1mLinking CXX shared library libtutorial_interface__rosidl_typesupport_c.so[0m
[9.514s] [ 74%] Built target tutorial_interface__rosidl_typesupport_c
[9.882s] [ 76%] [32m[1mLinking CXX shared library libtutorial_interface__rosidl_typesupport_fastrtps_c.so[0m
[10.045s] [ 76%] Built target tutorial_interface__rosidl_typesupport_fastrtps_c
[10.071s] [ 76%] Built target tutorial_interface
[10.103s] [ 78%] [34m[1mGenerating Python code for ROS interfaces[0m
[10.919s] [ 78%] Built target tutorial_interface__py
[10.947s] [ 80%] [32mBuilding C object CMakeFiles/tutorial_interface__rosidl_generator_py.dir/rosidl_generator_py/tutorial_interface/msg/_sphere_s.c.o[0m
[10.950s] [ 85%] [32mBuilding C object CMakeFiles/tutorial_interface__rosidl_generator_py.dir/rosidl_generator_py/tutorial_interface/srv/_add_three_ints_s.c.o[0m
[10.950s] [ 85%] [32mBuilding C object CMakeFiles/tutorial_interface__rosidl_generator_py.dir/rosidl_generator_py/tutorial_interface/msg/_num_s.c.o[0m
[11.485s] [ 87%] [32m[1mLinking C shared library rosidl_generator_py/tutorial_interface/libtutorial_interface__rosidl_generator_py.so[0m
[11.613s] [ 87%] Built target tutorial_interface__rosidl_generator_py
[11.645s] [ 89%] [32mBuilding C object CMakeFiles/tutorial_interface__rosidl_typesupport_fastrtps_c__pyext.dir/rosidl_generator_py/tutorial_interface/_tutorial_interface_s.ep.rosidl_typesupport_fastrtps_c.c.o[0m
[11.647s] [ 91%] [32mBuilding C object CMakeFiles/tutorial_interface__rosidl_typesupport_introspection_c__pyext.dir/rosidl_generator_py/tutorial_interface/_tutorial_interface_s.ep.rosidl_typesupport_introspection_c.c.o[0m
[11.651s] [ 93%] [32mBuilding C object CMakeFiles/tutorial_interface__rosidl_typesupport_c__pyext.dir/rosidl_generator_py/tutorial_interface/_tutorial_interface_s.ep.rosidl_typesupport_c.c.o[0m
[11.822s] [ 95%] [32m[1mLinking C shared library rosidl_generator_py/tutorial_interface/tutorial_interface_s__rosidl_typesupport_introspection_c.cpython-310-x86_64-linux-gnu.so[0m
[11.881s] [ 95%] Built target tutorial_interface__rosidl_typesupport_introspection_c__pyext
[11.915s] [ 97%] [32m[1mLinking C shared library rosidl_generator_py/tutorial_interface/tutorial_interface_s__rosidl_typesupport_fastrtps_c.cpython-310-x86_64-linux-gnu.so[0m
[11.918s] [100%] [32m[1mLinking C shared library rosidl_generator_py/tutorial_interface/tutorial_interface_s__rosidl_typesupport_c.cpython-310-x86_64-linux-gnu.so[0m
[11.975s] [100%] Built target tutorial_interface__rosidl_typesupport_fastrtps_c__pyext
[11.977s] [100%] Built target tutorial_interface__rosidl_typesupport_c__pyext
[11.995s] Invoked command in '/home/panda/Git/ros2/custom_msg_srv/build/tutorial_interface' returned '0': CMAKE_PREFIX_PATH=/opt/ros/humble /usr/bin/cmake --build /home/panda/Git/ros2/custom_msg_srv/build/tutorial_interface -- -j4 -l4
[12.013s] Invoking command in '/home/panda/Git/ros2/custom_msg_srv/build/tutorial_interface': CMAKE_PREFIX_PATH=/opt/ros/humble /usr/bin/cmake --install /home/panda/Git/ros2/custom_msg_srv/build/tutorial_interface
[12.027s] -- Install configuration: ""
[12.027s] -- Installing: /home/panda/Git/ros2/custom_msg_srv/install/tutorial_interface/share/ament_index/resource_index/rosidl_interfaces/tutorial_interface
[12.027s] -- Installing: /home/panda/Git/ros2/custom_msg_srv/install/tutorial_interface/include/tutorial_interface/tutorial_interface
[12.028s] -- Installing: /home/panda/Git/ros2/custom_msg_srv/install/tutorial_interface/include/tutorial_interface/tutorial_interface/srv
[12.028s] -- Installing: /home/panda/Git/ros2/custom_msg_srv/install/tutorial_interface/include/tutorial_interface/tutorial_interface/srv/detail
[12.028s] -- Installing: /home/panda/Git/ros2/custom_msg_srv/install/tutorial_interface/include/tutorial_interface/tutorial_interface/srv/detail/add_three_ints__functions.c
[12.029s] -- Installing: /home/panda/Git/ros2/custom_msg_srv/install/tutorial_interface/include/tutorial_interface/tutorial_interface/srv/detail/add_three_ints__type_support.h
[12.029s] -- Installing: /home/panda/Git/ros2/custom_msg_srv/install/tutorial_interface/include/tutorial_interface/tutorial_interface/srv/detail/add_three_ints__functions.h
[12.029s] -- Installing: /home/panda/Git/ros2/custom_msg_srv/install/tutorial_interface/include/tutorial_interface/tutorial_interface/srv/detail/add_three_ints__struct.h
[12.030s] -- Installing: /home/panda/Git/ros2/custom_msg_srv/install/tutorial_interface/include/tutorial_interface/tutorial_interface/srv/add_three_ints.h
[12.030s] -- Installing: /home/panda/Git/ros2/custom_msg_srv/install/tutorial_interface/include/tutorial_interface/tutorial_interface/msg
[12.030s] -- Installing: /home/panda/Git/ros2/custom_msg_srv/install/tutorial_interface/include/tutorial_interface/tutorial_interface/msg/detail
[12.030s] -- Installing: /home/panda/Git/ros2/custom_msg_srv/install/tutorial_interface/include/tutorial_interface/tutorial_interface/msg/detail/num__struct.h
[12.031s] -- Installing: /home/panda/Git/ros2/custom_msg_srv/install/tutorial_interface/include/tutorial_interface/tutorial_interface/msg/detail/sphere__functions.h
[12.031s] -- Installing: /home/panda/Git/ros2/custom_msg_srv/install/tutorial_interface/include/tutorial_interface/tutorial_interface/msg/detail/num__type_support.h
[12.031s] -- Installing: /home/panda/Git/ros2/custom_msg_srv/install/tutorial_interface/include/tutorial_interface/tutorial_interface/msg/detail/num__functions.h
[12.031s] -- Installing: /home/panda/Git/ros2/custom_msg_srv/install/tutorial_interface/include/tutorial_interface/tutorial_interface/msg/detail/num__functions.c
[12.032s] -- Installing: /home/panda/Git/ros2/custom_msg_srv/install/tutorial_interface/include/tutorial_interface/tutorial_interface/msg/detail/sphere__type_support.h
[12.032s] -- Installing: /home/panda/Git/ros2/custom_msg_srv/install/tutorial_interface/include/tutorial_interface/tutorial_interface/msg/detail/sphere__functions.c
[12.032s] -- Installing: /home/panda/Git/ros2/custom_msg_srv/install/tutorial_interface/include/tutorial_interface/tutorial_interface/msg/detail/sphere__struct.h
[12.032s] -- Installing: /home/panda/Git/ros2/custom_msg_srv/install/tutorial_interface/include/tutorial_interface/tutorial_interface/msg/sphere.h
[12.033s] -- Installing: /home/panda/Git/ros2/custom_msg_srv/install/tutorial_interface/include/tutorial_interface/tutorial_interface/msg/num.h
[12.033s] -- Installing: /home/panda/Git/ros2/custom_msg_srv/install/tutorial_interface/include/tutorial_interface/tutorial_interface/msg/rosidl_generator_c__visibility_control.h
[12.033s] -- Installing: /home/panda/Git/ros2/custom_msg_srv/install/tutorial_interface/share/tutorial_interface/environment/library_path.sh
[12.034s] -- Installing: /home/panda/Git/ros2/custom_msg_srv/install/tutorial_interface/share/tutorial_interface/environment/library_path.dsv
[12.034s] -- Installing: /home/panda/Git/ros2/custom_msg_srv/install/tutorial_interface/lib/libtutorial_interface__rosidl_generator_c.so
[12.035s] -- Set runtime path of "/home/panda/Git/ros2/custom_msg_srv/install/tutorial_interface/lib/libtutorial_interface__rosidl_generator_c.so" to ""
[12.035s] -- Up-to-date: /home/panda/Git/ros2/custom_msg_srv/install/tutorial_interface/include/tutorial_interface/tutorial_interface
[12.035s] -- Up-to-date: /home/panda/Git/ros2/custom_msg_srv/install/tutorial_interface/include/tutorial_interface/tutorial_interface/srv
[12.036s] -- Up-to-date: /home/panda/Git/ros2/custom_msg_srv/install/tutorial_interface/include/tutorial_interface/tutorial_interface/srv/detail
[12.036s] -- Installing: /home/panda/Git/ros2/custom_msg_srv/install/tutorial_interface/include/tutorial_interface/tutorial_interface/srv/detail/add_three_ints__rosidl_typesupport_fastrtps_c.h
[12.036s] -- Up-to-date: /home/panda/Git/ros2/custom_msg_srv/install/tutorial_interface/include/tutorial_interface/tutorial_interface/msg
[12.036s] -- Up-to-date: /home/panda/Git/ros2/custom_msg_srv/install/tutorial_interface/include/tutorial_interface/tutorial_interface/msg/detail
[12.037s] -- Installing: /home/panda/Git/ros2/custom_msg_srv/install/tutorial_interface/include/tutorial_interface/tutorial_interface/msg/detail/num__rosidl_typesupport_fastrtps_c.h
[12.037s] -- Installing: /home/panda/Git/ros2/custom_msg_srv/install/tutorial_interface/include/tutorial_interface/tutorial_interface/msg/detail/sphere__rosidl_typesupport_fastrtps_c.h
[12.037s] -- Installing: /home/panda/Git/ros2/custom_msg_srv/install/tutorial_interface/include/tutorial_interface/tutorial_interface/msg/rosidl_typesupport_fastrtps_c__visibility_control.h
[12.037s] -- Installing: /home/panda/Git/ros2/custom_msg_srv/install/tutorial_interface/lib/libtutorial_interface__rosidl_typesupport_fastrtps_c.so
[12.038s] -- Set runtime path of "/home/panda/Git/ros2/custom_msg_srv/install/tutorial_interface/lib/libtutorial_interface__rosidl_typesupport_fastrtps_c.so" to ""
[12.038s] -- Up-to-date: /home/panda/Git/ros2/custom_msg_srv/install/tutorial_interface/include/tutorial_interface/tutorial_interface
[12.038s] -- Up-to-date: /home/panda/Git/ros2/custom_msg_srv/install/tutorial_interface/include/tutorial_interface/tutorial_interface/srv
[12.038s] -- Up-to-date: /home/panda/Git/ros2/custom_msg_srv/install/tutorial_interface/include/tutorial_interface/tutorial_interface/srv/detail
[12.039s] -- Installing: /home/panda/Git/ros2/custom_msg_srv/install/tutorial_interface/include/tutorial_interface/tutorial_interface/srv/detail/add_three_ints__struct.hpp
[12.039s] -- Installing: /home/panda/Git/ros2/custom_msg_srv/install/tutorial_interface/include/tutorial_interface/tutorial_interface/srv/detail/add_three_ints__builder.hpp
[12.039s] -- Installing: /home/panda/Git/ros2/custom_msg_srv/install/tutorial_interface/include/tutorial_interface/tutorial_interface/srv/detail/add_three_ints__type_support.hpp
[12.039s] -- Installing: /home/panda/Git/ros2/custom_msg_srv/install/tutorial_interface/include/tutorial_interface/tutorial_interface/srv/detail/add_three_ints__traits.hpp
[12.040s] -- Installing: /home/panda/Git/ros2/custom_msg_srv/install/tutorial_interface/include/tutorial_interface/tutorial_interface/srv/add_three_ints.hpp
[12.040s] -- Up-to-date: /home/panda/Git/ros2/custom_msg_srv/install/tutorial_interface/include/tutorial_interface/tutorial_interface/msg
[12.040s] -- Up-to-date: /home/panda/Git/ros2/custom_msg_srv/install/tutorial_interface/include/tutorial_interface/tutorial_interface/msg/detail
[12.040s] -- Installing: /home/panda/Git/ros2/custom_msg_srv/install/tutorial_interface/include/tutorial_interface/tutorial_interface/msg/detail/sphere__struct.hpp
[12.041s] -- Installing: /home/panda/Git/ros2/custom_msg_srv/install/tutorial_interface/include/tutorial_interface/tutorial_interface/msg/detail/num__type_support.hpp
[12.041s] -- Installing: /home/panda/Git/ros2/custom_msg_srv/install/tutorial_interface/include/tutorial_interface/tutorial_interface/msg/detail/sphere__builder.hpp
[12.041s] -- Installing: /home/panda/Git/ros2/custom_msg_srv/install/tutorial_interface/include/tutorial_interface/tutorial_interface/msg/detail/num__struct.hpp
[12.041s] -- Installing: /home/panda/Git/ros2/custom_msg_srv/install/tutorial_interface/include/tutorial_interface/tutorial_interface/msg/detail/num__builder.hpp
[12.042s] -- Installing: /home/panda/Git/ros2/custom_msg_srv/install/tutorial_interface/include/tutorial_interface/tutorial_interface/msg/detail/sphere__traits.hpp
[12.042s] -- Installing: /home/panda/Git/ros2/custom_msg_srv/install/tutorial_interface/include/tutorial_interface/tutorial_interface/msg/detail/sphere__type_support.hpp
[12.042s] -- Installing: /home/panda/Git/ros2/custom_msg_srv/install/tutorial_interface/include/tutorial_interface/tutorial_interface/msg/detail/num__traits.hpp
[12.042s] -- Installing: /home/panda/Git/ros2/custom_msg_srv/install/tutorial_interface/include/tutorial_interface/tutorial_interface/msg/rosidl_generator_cpp__visibility_control.hpp
[12.043s] -- Installing: /home/panda/Git/ros2/custom_msg_srv/install/tutorial_interface/include/tutorial_interface/tutorial_interface/msg/num.hpp
[12.043s] -- Installing: /home/panda/Git/ros2/custom_msg_srv/install/tutorial_interface/include/tutorial_interface/tutorial_interface/msg/sphere.hpp
[12.043s] -- Up-to-date: /home/panda/Git/ros2/custom_msg_srv/install/tutorial_interface/include/tutorial_interface/tutorial_interface
[12.044s] -- Up-to-date: /home/panda/Git/ros2/custom_msg_srv/install/tutorial_interface/include/tutorial_interface/tutorial_interface/srv
[12.044s] -- Up-to-date: /home/panda/Git/ros2/custom_msg_srv/install/tutorial_interface/include/tutorial_interface/tutorial_interface/srv/detail
[12.044s] -- Installing: /home/panda/Git/ros2/custom_msg_srv/install/tutorial_interface/include/tutorial_interface/tutorial_interface/srv/detail/dds_fastrtps
[12.044s] -- Installing: /home/panda/Git/ros2/custom_msg_srv/install/tutorial_interface/include/tutorial_interface/tutorial_interface/srv/detail/add_three_ints__rosidl_typesupport_fastrtps_cpp.hpp
[12.044s] -- Up-to-date: /home/panda/Git/ros2/custom_msg_srv/install/tutorial_interface/include/tutorial_interface/tutorial_interface/msg
[12.045s] -- Up-to-date: /home/panda/Git/ros2/custom_msg_srv/install/tutorial_interface/include/tutorial_interface/tutorial_interface/msg/detail
[12.045s] -- Installing: /home/panda/Git/ros2/custom_msg_srv/install/tutorial_interface/include/tutorial_interface/tutorial_interface/msg/detail/num__rosidl_typesupport_fastrtps_cpp.hpp
[12.045s] -- Installing: /home/panda/Git/ros2/custom_msg_srv/install/tutorial_interface/include/tutorial_interface/tutorial_interface/msg/detail/dds_fastrtps
[12.045s] -- Installing: /home/panda/Git/ros2/custom_msg_srv/install/tutorial_interface/include/tutorial_interface/tutorial_interface/msg/detail/sphere__rosidl_typesupport_fastrtps_cpp.hpp
[12.045s] -- Installing: /home/panda/Git/ros2/custom_msg_srv/install/tutorial_interface/include/tutorial_interface/tutorial_interface/msg/rosidl_typesupport_fastrtps_cpp__visibility_control.h
[12.046s] -- Installing: /home/panda/Git/ros2/custom_msg_srv/install/tutorial_interface/lib/libtutorial_interface__rosidl_typesupport_fastrtps_cpp.so
[12.046s] -- Set runtime path of "/home/panda/Git/ros2/custom_msg_srv/install/tutorial_interface/lib/libtutorial_interface__rosidl_typesupport_fastrtps_cpp.so" to ""
[12.046s] -- Up-to-date: /home/panda/Git/ros2/custom_msg_srv/install/tutorial_interface/include/tutorial_interface/tutorial_interface
[12.046s] -- Up-to-date: /home/panda/Git/ros2/custom_msg_srv/install/tutorial_interface/include/tutorial_interface/tutorial_interface/srv
[12.046s] -- Up-to-date: /home/panda/Git/ros2/custom_msg_srv/install/tutorial_interface/include/tutorial_interface/tutorial_interface/srv/detail
[12.046s] -- Installing: /home/panda/Git/ros2/custom_msg_srv/install/tutorial_interface/include/tutorial_interface/tutorial_interface/srv/detail/add_three_ints__rosidl_typesupport_introspection_c.h
[12.047s] -- Installing: /home/panda/Git/ros2/custom_msg_srv/install/tutorial_interface/include/tutorial_interface/tutorial_interface/srv/detail/add_three_ints__type_support.c
[12.047s] -- Up-to-date: /home/panda/Git/ros2/custom_msg_srv/install/tutorial_interface/include/tutorial_interface/tutorial_interface/msg
[12.047s] -- Up-to-date: /home/panda/Git/ros2/custom_msg_srv/install/tutorial_interface/include/tutorial_interface/tutorial_interface/msg/detail
[12.047s] -- Installing: /home/panda/Git/ros2/custom_msg_srv/install/tutorial_interface/include/tutorial_interface/tutorial_interface/msg/detail/num__type_support.c
[12.047s] -- Installing: /home/panda/Git/ros2/custom_msg_srv/install/tutorial_interface/include/tutorial_interface/tutorial_interface/msg/detail/sphere__type_support.c
[12.047s] -- Installing: /home/panda/Git/ros2/custom_msg_srv/install/tutorial_interface/include/tutorial_interface/tutorial_interface/msg/detail/sphere__rosidl_typesupport_introspection_c.h
[12.048s] -- Installing: /home/panda/Git/ros2/custom_msg_srv/install/tutorial_interface/include/tutorial_interface/tutorial_interface/msg/detail/num__rosidl_typesupport_introspection_c.h
[12.048s] -- Installing: /home/panda/Git/ros2/custom_msg_srv/install/tutorial_interface/include/tutorial_interface/tutorial_interface/msg/rosidl_typesupport_introspection_c__visibility_control.h
[12.048s] -- Installing: /home/panda/Git/ros2/custom_msg_srv/install/tutorial_interface/lib/libtutorial_interface__rosidl_typesupport_introspection_c.so
[12.048s] -- Set runtime path of "/home/panda/Git/ros2/custom_msg_srv/install/tutorial_interface/lib/libtutorial_interface__rosidl_typesupport_introspection_c.so" to ""
[12.048s] -- Installing: /home/panda/Git/ros2/custom_msg_srv/install/tutorial_interface/lib/libtutorial_interface__rosidl_typesupport_c.so
[12.048s] -- Set runtime path of "/home/panda/Git/ros2/custom_msg_srv/install/tutorial_interface/lib/libtutorial_interface__rosidl_typesupport_c.so" to ""
[12.048s] -- Up-to-date: /home/panda/Git/ros2/custom_msg_srv/install/tutorial_interface/include/tutorial_interface/tutorial_interface
[12.049s] -- Up-to-date: /home/panda/Git/ros2/custom_msg_srv/install/tutorial_interface/include/tutorial_interface/tutorial_interface/srv
[12.049s] -- Up-to-date: /home/panda/Git/ros2/custom_msg_srv/install/tutorial_interface/include/tutorial_interface/tutorial_interface/srv/detail
[12.049s] -- Installing: /home/panda/Git/ros2/custom_msg_srv/install/tutorial_interface/include/tutorial_interface/tutorial_interface/srv/detail/add_three_ints__type_support.cpp
[12.049s] -- Installing: /home/panda/Git/ros2/custom_msg_srv/install/tutorial_interface/include/tutorial_interface/tutorial_interface/srv/detail/add_three_ints__rosidl_typesupport_introspection_cpp.hpp
[12.049s] -- Up-to-date: /home/panda/Git/ros2/custom_msg_srv/install/tutorial_interface/include/tutorial_interface/tutorial_interface/msg
[12.049s] -- Up-to-date: /home/panda/Git/ros2/custom_msg_srv/install/tutorial_interface/include/tutorial_interface/tutorial_interface/msg/detail
[12.049s] -- Installing: /home/panda/Git/ros2/custom_msg_srv/install/tutorial_interface/include/tutorial_interface/tutorial_interface/msg/detail/num__type_support.cpp
[12.050s] -- Installing: /home/panda/Git/ros2/custom_msg_srv/install/tutorial_interface/include/tutorial_interface/tutorial_interface/msg/detail/sphere__rosidl_typesupport_introspection_cpp.hpp
[12.050s] -- Installing: /home/panda/Git/ros2/custom_msg_srv/install/tutorial_interface/include/tutorial_interface/tutorial_interface/msg/detail/num__rosidl_typesupport_introspection_cpp.hpp
[12.050s] -- Installing: /home/panda/Git/ros2/custom_msg_srv/install/tutorial_interface/include/tutorial_interface/tutorial_interface/msg/detail/sphere__type_support.cpp
[12.050s] -- Installing: /home/panda/Git/ros2/custom_msg_srv/install/tutorial_interface/lib/libtutorial_interface__rosidl_typesupport_introspection_cpp.so
[12.050s] -- Set runtime path of "/home/panda/Git/ros2/custom_msg_srv/install/tutorial_interface/lib/libtutorial_interface__rosidl_typesupport_introspection_cpp.so" to ""
[12.050s] -- Installing: /home/panda/Git/ros2/custom_msg_srv/install/tutorial_interface/lib/libtutorial_interface__rosidl_typesupport_cpp.so
[12.050s] -- Set runtime path of "/home/panda/Git/ros2/custom_msg_srv/install/tutorial_interface/lib/libtutorial_interface__rosidl_typesupport_cpp.so" to ""
[12.051s] -- Installing: /home/panda/Git/ros2/custom_msg_srv/install/tutorial_interface/share/tutorial_interface/environment/pythonpath.sh
[12.051s] -- Installing: /home/panda/Git/ros2/custom_msg_srv/install/tutorial_interface/share/tutorial_interface/environment/pythonpath.dsv
[12.051s] -- Installing: /home/panda/Git/ros2/custom_msg_srv/install/tutorial_interface/local/lib/python3.10/dist-packages/tutorial_interface-0.0.0-py3.10.egg-info
[12.051s] -- Installing: /home/panda/Git/ros2/custom_msg_srv/install/tutorial_interface/local/lib/python3.10/dist-packages/tutorial_interface-0.0.0-py3.10.egg-info/top_level.txt
[12.051s] -- Installing: /home/panda/Git/ros2/custom_msg_srv/install/tutorial_interface/local/lib/python3.10/dist-packages/tutorial_interface-0.0.0-py3.10.egg-info/PKG-INFO
[12.051s] -- Installing: /home/panda/Git/ros2/custom_msg_srv/install/tutorial_interface/local/lib/python3.10/dist-packages/tutorial_interface-0.0.0-py3.10.egg-info/dependency_links.txt
[12.052s] -- Installing: /home/panda/Git/ros2/custom_msg_srv/install/tutorial_interface/local/lib/python3.10/dist-packages/tutorial_interface-0.0.0-py3.10.egg-info/SOURCES.txt
[12.052s] -- Installing: /home/panda/Git/ros2/custom_msg_srv/install/tutorial_interface/local/lib/python3.10/dist-packages/tutorial_interface
[12.052s] -- Installing: /home/panda/Git/ros2/custom_msg_srv/install/tutorial_interface/local/lib/python3.10/dist-packages/tutorial_interface/tutorial_interface_s__rosidl_typesupport_introspection_c.cpython-310-x86_64-linux-gnu.so
[12.052s] -- Installing: /home/panda/Git/ros2/custom_msg_srv/install/tutorial_interface/local/lib/python3.10/dist-packages/tutorial_interface/_tutorial_interface_s.ep.rosidl_typesupport_introspection_c.c
[12.052s] -- Installing: /home/panda/Git/ros2/custom_msg_srv/install/tutorial_interface/local/lib/python3.10/dist-packages/tutorial_interface/_tutorial_interface_s.ep.rosidl_typesupport_fastrtps_c.c
[12.052s] -- Installing: /home/panda/Git/ros2/custom_msg_srv/install/tutorial_interface/local/lib/python3.10/dist-packages/tutorial_interface/tutorial_interface_s__rosidl_typesupport_fastrtps_c.cpython-310-x86_64-linux-gnu.so
[12.053s] -- Installing: /home/panda/Git/ros2/custom_msg_srv/install/tutorial_interface/local/lib/python3.10/dist-packages/tutorial_interface/srv
[12.053s] -- Installing: /home/panda/Git/ros2/custom_msg_srv/install/tutorial_interface/local/lib/python3.10/dist-packages/tutorial_interface/srv/_add_three_ints.py
[12.053s] -- Installing: /home/panda/Git/ros2/custom_msg_srv/install/tutorial_interface/local/lib/python3.10/dist-packages/tutorial_interface/srv/__init__.py
[12.053s] -- Installing: /home/panda/Git/ros2/custom_msg_srv/install/tutorial_interface/local/lib/python3.10/dist-packages/tutorial_interface/srv/_add_three_ints_s.c
[12.053s] -- Installing: /home/panda/Git/ros2/custom_msg_srv/install/tutorial_interface/local/lib/python3.10/dist-packages/tutorial_interface/tutorial_interface_s__rosidl_typesupport_c.cpython-310-x86_64-linux-gnu.so
[12.054s] -- Installing: /home/panda/Git/ros2/custom_msg_srv/install/tutorial_interface/local/lib/python3.10/dist-packages/tutorial_interface/__init__.py
[12.054s] -- Installing: /home/panda/Git/ros2/custom_msg_srv/install/tutorial_interface/local/lib/python3.10/dist-packages/tutorial_interface/libtutorial_interface__rosidl_generator_py.so
[12.054s] -- Installing: /home/panda/Git/ros2/custom_msg_srv/install/tutorial_interface/local/lib/python3.10/dist-packages/tutorial_interface/msg
[12.054s] -- Installing: /home/panda/Git/ros2/custom_msg_srv/install/tutorial_interface/local/lib/python3.10/dist-packages/tutorial_interface/msg/_sphere.py
[12.054s] -- Installing: /home/panda/Git/ros2/custom_msg_srv/install/tutorial_interface/local/lib/python3.10/dist-packages/tutorial_interface/msg/_num.py
[12.054s] -- Installing: /home/panda/Git/ros2/custom_msg_srv/install/tutorial_interface/local/lib/python3.10/dist-packages/tutorial_interface/msg/_sphere_s.c
[12.055s] -- Installing: /home/panda/Git/ros2/custom_msg_srv/install/tutorial_interface/local/lib/python3.10/dist-packages/tutorial_interface/msg/_num_s.c
[12.055s] -- Installing: /home/panda/Git/ros2/custom_msg_srv/install/tutorial_interface/local/lib/python3.10/dist-packages/tutorial_interface/msg/__init__.py
[12.055s] -- Installing: /home/panda/Git/ros2/custom_msg_srv/install/tutorial_interface/local/lib/python3.10/dist-packages/tutorial_interface/_tutorial_interface_s.ep.rosidl_typesupport_c.c
[12.141s] Listing '/home/panda/Git/ros2/custom_msg_srv/install/tutorial_interface/local/lib/python3.10/dist-packages/tutorial_interface'...
[12.141s] Compiling '/home/panda/Git/ros2/custom_msg_srv/install/tutorial_interface/local/lib/python3.10/dist-packages/tutorial_interface/__init__.py'...
[12.142s] Listing '/home/panda/Git/ros2/custom_msg_srv/install/tutorial_interface/local/lib/python3.10/dist-packages/tutorial_interface/msg'...
[12.142s] Compiling '/home/panda/Git/ros2/custom_msg_srv/install/tutorial_interface/local/lib/python3.10/dist-packages/tutorial_interface/msg/__init__.py'...
[12.142s] Compiling '/home/panda/Git/ros2/custom_msg_srv/install/tutorial_interface/local/lib/python3.10/dist-packages/tutorial_interface/msg/_num.py'...
[12.142s] Compiling '/home/panda/Git/ros2/custom_msg_srv/install/tutorial_interface/local/lib/python3.10/dist-packages/tutorial_interface/msg/_sphere.py'...
[12.142s] Listing '/home/panda/Git/ros2/custom_msg_srv/install/tutorial_interface/local/lib/python3.10/dist-packages/tutorial_interface/srv'...
[12.142s] Compiling '/home/panda/Git/ros2/custom_msg_srv/install/tutorial_interface/local/lib/python3.10/dist-packages/tutorial_interface/srv/__init__.py'...
[12.142s] Compiling '/home/panda/Git/ros2/custom_msg_srv/install/tutorial_interface/local/lib/python3.10/dist-packages/tutorial_interface/srv/_add_three_ints.py'...
[12.149s] -- Installing: /home/panda/Git/ros2/custom_msg_srv/install/tutorial_interface/local/lib/python3.10/dist-packages/tutorial_interface/tutorial_interface_s__rosidl_typesupport_fastrtps_c.cpython-310-x86_64-linux-gnu.so
[12.149s] -- Set runtime path of "/home/panda/Git/ros2/custom_msg_srv/install/tutorial_interface/local/lib/python3.10/dist-packages/tutorial_interface/tutorial_interface_s__rosidl_typesupport_fastrtps_c.cpython-310-x86_64-linux-gnu.so" to ""
[12.150s] -- Installing: /home/panda/Git/ros2/custom_msg_srv/install/tutorial_interface/local/lib/python3.10/dist-packages/tutorial_interface/tutorial_interface_s__rosidl_typesupport_introspection_c.cpython-310-x86_64-linux-gnu.so
[12.150s] -- Set runtime path of "/home/panda/Git/ros2/custom_msg_srv/install/tutorial_interface/local/lib/python3.10/dist-packages/tutorial_interface/tutorial_interface_s__rosidl_typesupport_introspection_c.cpython-310-x86_64-linux-gnu.so" to ""
[12.151s] -- Installing: /home/panda/Git/ros2/custom_msg_srv/install/tutorial_interface/local/lib/python3.10/dist-packages/tutorial_interface/tutorial_interface_s__rosidl_typesupport_c.cpython-310-x86_64-linux-gnu.so
[12.151s] -- Set runtime path of "/home/panda/Git/ros2/custom_msg_srv/install/tutorial_interface/local/lib/python3.10/dist-packages/tutorial_interface/tutorial_interface_s__rosidl_typesupport_c.cpython-310-x86_64-linux-gnu.so" to ""
[12.152s] -- Installing: /home/panda/Git/ros2/custom_msg_srv/install/tutorial_interface/lib/libtutorial_interface__rosidl_generator_py.so
[12.152s] -- Set runtime path of "/home/panda/Git/ros2/custom_msg_srv/install/tutorial_interface/lib/libtutorial_interface__rosidl_generator_py.so" to ""
[12.152s] -- Installing: /home/panda/Git/ros2/custom_msg_srv/install/tutorial_interface/share/tutorial_interface/msg/Num.idl
[12.153s] -- Installing: /home/panda/Git/ros2/custom_msg_srv/install/tutorial_interface/share/tutorial_interface/msg/Sphere.idl
[12.153s] -- Installing: /home/panda/Git/ros2/custom_msg_srv/install/tutorial_interface/share/tutorial_interface/srv/AddThreeInts.idl
[12.153s] -- Installing: /home/panda/Git/ros2/custom_msg_srv/install/tutorial_interface/share/tutorial_interface/msg/Num.msg
[12.154s] -- Installing: /home/panda/Git/ros2/custom_msg_srv/install/tutorial_interface/share/tutorial_interface/msg/Sphere.msg
[12.154s] -- Installing: /home/panda/Git/ros2/custom_msg_srv/install/tutorial_interface/share/tutorial_interface/srv/AddThreeInts.srv
[12.154s] -- Installing: /home/panda/Git/ros2/custom_msg_srv/install/tutorial_interface/share/tutorial_interface/srv/AddThreeInts_Request.msg
[12.155s] -- Installing: /home/panda/Git/ros2/custom_msg_srv/install/tutorial_interface/share/tutorial_interface/srv/AddThreeInts_Response.msg
[12.155s] -- Installing: /home/panda/Git/ros2/custom_msg_srv/install/tutorial_interface/share/ament_index/resource_index/package_run_dependencies/tutorial_interface
[12.155s] -- Installing: /home/panda/Git/ros2/custom_msg_srv/install/tutorial_interface/share/ament_index/resource_index/parent_prefix_path/tutorial_interface
[12.156s] -- Installing: /home/panda/Git/ros2/custom_msg_srv/install/tutorial_interface/share/tutorial_interface/environment/ament_prefix_path.sh
[12.156s] -- Installing: /home/panda/Git/ros2/custom_msg_srv/install/tutorial_interface/share/tutorial_interface/environment/ament_prefix_path.dsv
[12.156s] -- Installing: /home/panda/Git/ros2/custom_msg_srv/install/tutorial_interface/share/tutorial_interface/environment/path.sh
[12.156s] -- Installing: /home/panda/Git/ros2/custom_msg_srv/install/tutorial_interface/share/tutorial_interface/environment/path.dsv
[12.157s] -- Installing: /home/panda/Git/ros2/custom_msg_srv/install/tutorial_interface/share/tutorial_interface/local_setup.bash
[12.157s] -- Installing: /home/panda/Git/ros2/custom_msg_srv/install/tutorial_interface/share/tutorial_interface/local_setup.sh
[12.157s] -- Installing: /home/panda/Git/ros2/custom_msg_srv/install/tutorial_interface/share/tutorial_interface/local_setup.zsh
[12.158s] -- Installing: /home/panda/Git/ros2/custom_msg_srv/install/tutorial_interface/share/tutorial_interface/local_setup.dsv
[12.158s] -- Installing: /home/panda/Git/ros2/custom_msg_srv/install/tutorial_interface/share/tutorial_interface/package.dsv
[12.158s] -- Installing: /home/panda/Git/ros2/custom_msg_srv/install/tutorial_interface/share/ament_index/resource_index/packages/tutorial_interface
[12.159s] -- Installing: /home/panda/Git/ros2/custom_msg_srv/install/tutorial_interface/share/tutorial_interface/cmake/export_tutorial_interface__rosidl_generator_cExport.cmake
[12.159s] -- Installing: /home/panda/Git/ros2/custom_msg_srv/install/tutorial_interface/share/tutorial_interface/cmake/export_tutorial_interface__rosidl_generator_cExport-noconfig.cmake
[12.159s] -- Installing: /home/panda/Git/ros2/custom_msg_srv/install/tutorial_interface/share/tutorial_interface/cmake/export_tutorial_interface__rosidl_typesupport_fastrtps_cExport.cmake
[12.160s] -- Installing: /home/panda/Git/ros2/custom_msg_srv/install/tutorial_interface/share/tutorial_interface/cmake/export_tutorial_interface__rosidl_typesupport_fastrtps_cExport-noconfig.cmake
[12.160s] -- Installing: /home/panda/Git/ros2/custom_msg_srv/install/tutorial_interface/share/tutorial_interface/cmake/export_tutorial_interface__rosidl_generator_cppExport.cmake
[12.160s] -- Installing: /home/panda/Git/ros2/custom_msg_srv/install/tutorial_interface/share/tutorial_interface/cmake/export_tutorial_interface__rosidl_typesupport_fastrtps_cppExport.cmake
[12.160s] -- Installing: /home/panda/Git/ros2/custom_msg_srv/install/tutorial_interface/share/tutorial_interface/cmake/export_tutorial_interface__rosidl_typesupport_fastrtps_cppExport-noconfig.cmake
[12.161s] -- Installing: /home/panda/Git/ros2/custom_msg_srv/install/tutorial_interface/share/tutorial_interface/cmake/tutorial_interface__rosidl_typesupport_introspection_cExport.cmake
[12.161s] -- Installing: /home/panda/Git/ros2/custom_msg_srv/install/tutorial_interface/share/tutorial_interface/cmake/tutorial_interface__rosidl_typesupport_introspection_cExport-noconfig.cmake
[12.161s] -- Installing: /home/panda/Git/ros2/custom_msg_srv/install/tutorial_interface/share/tutorial_interface/cmake/tutorial_interface__rosidl_typesupport_cExport.cmake
[12.162s] -- Installing: /home/panda/Git/ros2/custom_msg_srv/install/tutorial_interface/share/tutorial_interface/cmake/tutorial_interface__rosidl_typesupport_cExport-noconfig.cmake
[12.162s] -- Installing: /home/panda/Git/ros2/custom_msg_srv/install/tutorial_interface/share/tutorial_interface/cmake/tutorial_interface__rosidl_typesupport_introspection_cppExport.cmake
[12.162s] -- Installing: /home/panda/Git/ros2/custom_msg_srv/install/tutorial_interface/share/tutorial_interface/cmake/tutorial_interface__rosidl_typesupport_introspection_cppExport-noconfig.cmake
[12.163s] -- Installing: /home/panda/Git/ros2/custom_msg_srv/install/tutorial_interface/share/tutorial_interface/cmake/tutorial_interface__rosidl_typesupport_cppExport.cmake
[12.163s] -- Installing: /home/panda/Git/ros2/custom_msg_srv/install/tutorial_interface/share/tutorial_interface/cmake/tutorial_interface__rosidl_typesupport_cppExport-noconfig.cmake
[12.163s] -- Installing: /home/panda/Git/ros2/custom_msg_srv/install/tutorial_interface/share/tutorial_interface/cmake/export_tutorial_interface__rosidl_generator_pyExport.cmake
[12.164s] -- Installing: /home/panda/Git/ros2/custom_msg_srv/install/tutorial_interface/share/tutorial_interface/cmake/export_tutorial_interface__rosidl_generator_pyExport-noconfig.cmake
[12.164s] -- Installing: /home/panda/Git/ros2/custom_msg_srv/install/tutorial_interface/share/tutorial_interface/cmake/rosidl_cmake-extras.cmake
[12.164s] -- Installing: /home/panda/Git/ros2/custom_msg_srv/install/tutorial_interface/share/tutorial_interface/cmake/ament_cmake_export_dependencies-extras.cmake
[12.164s] -- Installing: /home/panda/Git/ros2/custom_msg_srv/install/tutorial_interface/share/tutorial_interface/cmake/ament_cmake_export_include_directories-extras.cmake
[12.165s] -- Installing: /home/panda/Git/ros2/custom_msg_srv/install/tutorial_interface/share/tutorial_interface/cmake/ament_cmake_export_libraries-extras.cmake
[12.165s] -- Installing: /home/panda/Git/ros2/custom_msg_srv/install/tutorial_interface/share/tutorial_interface/cmake/ament_cmake_export_targets-extras.cmake
[12.165s] -- Installing: /home/panda/Git/ros2/custom_msg_srv/install/tutorial_interface/share/tutorial_interface/cmake/rosidl_cmake_export_typesupport_targets-extras.cmake
[12.166s] -- Installing: /home/panda/Git/ros2/custom_msg_srv/install/tutorial_interface/share/tutorial_interface/cmake/rosidl_cmake_export_typesupport_libraries-extras.cmake
[12.166s] -- Installing: /home/panda/Git/ros2/custom_msg_srv/install/tutorial_interface/share/tutorial_interface/cmake/tutorial_interfaceConfig.cmake
[12.166s] -- Installing: /home/panda/Git/ros2/custom_msg_srv/install/tutorial_interface/share/tutorial_interface/cmake/tutorial_interfaceConfig-version.cmake
[12.166s] -- Installing: /home/panda/Git/ros2/custom_msg_srv/install/tutorial_interface/share/tutorial_interface/package.xml
[12.172s] Invoked command in '/home/panda/Git/ros2/custom_msg_srv/build/tutorial_interface' returned '0': CMAKE_PREFIX_PATH=/opt/ros/humble /usr/bin/cmake --install /home/panda/Git/ros2/custom_msg_srv/build/tutorial_interface
